==37099== Callgrind, a call-graph generating cache profiler
==37099== Copyright (C) 2002-2017, and GNU GPL'd, by Josef Weidendorfer et al.
==37099== Using Valgrind-3.15.0 and LibVEX; rerun with -h for copyright info
==37099== Command: /mnt/c/Users/adzic/Desktop/vs/2023_Analysis_24-kalendar/2023_Analysis_24-kalendar/24-kalendar/build-calendar-Desktop-Debug/calendar
==37099== Parent PID: 37097
==37099== 
==37099== For interactive control, run 'callgrind_control -h'.
==37099== brk segment overflow in thread #1: can't grow to 0x484b000
==37099== (see section Limitations in user manual)
==37099== NOTE: further instances of this message will not be shown
==37099== 
==37099== Process terminating with default action of signal 2 (SIGINT)
==37099==    at 0x5F31BBF: poll (poll.c:29)
==37099==    by 0x693E36D: ??? (in /usr/lib/x86_64-linux-gnu/libglib-2.0.so.0.6400.6)
==37099==    by 0x693E4A2: g_main_context_iteration (in /usr/lib/x86_64-linux-gnu/libglib-2.0.so.0.6400.6)
==37099==    by 0x59B5434: QEventDispatcherGlib::processEvents(QFlags<QEventLoop::ProcessEventsFlag>) (in /usr/lib/x86_64-linux-gnu/libQt5Core.so.5.12.8)
==37099==    by 0x595C3AA: QEventLoop::exec(QFlags<QEventLoop::ProcessEventsFlag>) (in /usr/lib/x86_64-linux-gnu/libQt5Core.so.5.12.8)
==37099==    by 0x5794784: QThread::exec() (in /usr/lib/x86_64-linux-gnu/libQt5Core.so.5.12.8)
==37099==    by 0x8F54EF9: ??? (in /usr/lib/x86_64-linux-gnu/libQt5DBus.so.5.12.8)
==37099==    by 0x57959D1: ??? (in /usr/lib/x86_64-linux-gnu/libQt5Core.so.5.12.8)
==37099==    by 0x6168608: start_thread (pthread_create.c:477)
==37099==    by 0x5F3E352: clone (clone.S:95)
==37099== 
==37099== Events    : Ir
==37099== Collected : 11086139626
==37099== 
==37099== I   refs:      11,086,139,626
