==2226== Callgrind, a call-graph generating cache profiler
==2226== Copyright (C) 2002-2017, and GNU GPL'd, by Josef Weidendorfer et al.
==2226== Using Valgrind-3.15.0 and LibVEX; rerun with -h for copyright info
==2226== Command: /mnt/c/Users/adzic/Desktop/vs/2023_Analysis_24-kalendar/2023_Analysis_24-kalendar/24-kalendar/build-calendar-Desktop-Debug/calendar
==2226== Parent PID: 2224
==2226== 
==2226== For interactive control, run 'callgrind_control -h'.
==2226== brk segment overflow in thread #1: can't grow to 0x484b000
==2226== (see section Limitations in user manual)
==2226== NOTE: further instances of this message will not be shown
==2226== 
==2226== Process terminating with default action of signal 2 (SIGINT)
==2226==    at 0xA2C9FA8: ??? (in /usr/lib/x86_64-linux-gnu/libjpeg.so.8.2.2)
==2226==    by 0xA2BCA2E: ??? (in /usr/lib/x86_64-linux-gnu/libjpeg.so.8.2.2)
==2226==    by 0xA2BB4E5: jpeg_start_decompress (in /usr/lib/x86_64-linux-gnu/libjpeg.so.8.2.2)
==2226==    by 0xA287836: ??? (in /usr/lib/x86_64-linux-gnu/qt5/plugins/imageformats/libqjpeg.so)
==2226==    by 0xA28904E: ??? (in /usr/lib/x86_64-linux-gnu/qt5/plugins/imageformats/libqjpeg.so)
==2226==    by 0x507C72C: QImageReader::read(QImage*) (in /usr/lib/x86_64-linux-gnu/libQt5Gui.so.5.12.8)
==2226==    by 0x507CEB8: QImageReader::read() (in /usr/lib/x86_64-linux-gnu/libQt5Gui.so.5.12.8)
==2226==    by 0x50992F0: QPlatformPixmap::fromFile(QString const&, char const*, QFlags<Qt::ImageConversionFlag>) (in /usr/lib/x86_64-linux-gnu/libQt5Gui.so.5.12.8)
==2226==    by 0x5092B26: QPixmap::load(QString const&, char const*, QFlags<Qt::ImageConversionFlag>) (in /usr/lib/x86_64-linux-gnu/libQt5Gui.so.5.12.8)
==2226==    by 0x4A54E10: ??? (in /usr/lib/x86_64-linux-gnu/libQt5Widgets.so.5.12.8)
==2226==    by 0x4A5CF1F: ??? (in /usr/lib/x86_64-linux-gnu/libQt5Widgets.so.5.12.8)
==2226==    by 0x4A5E5BF: ??? (in /usr/lib/x86_64-linux-gnu/libQt5Widgets.so.5.12.8)
==2226== 
==2226== Events    : Ir
==2226== Collected : 6422778277
==2226== 
==2226== I   refs:      6,422,778,277
