==10697== Memcheck, a memory error detector
==10697== Copyright (C) 2002-2017, and GNU GPL'd, by Julian Seward et al.
==10697== Using Valgrind-3.18.1 and LibVEX; rerun with -h for copyright info
==10697== Command: /home/jovana/Desktop/vs/19-under-the-c/UNDER_THE_C/build/Desktop_Qt_5_15_1_GCC_64bit-Debug/UNDER_THE_C
==10697== Parent PID: 10695
==10697== 
==10697== Invalid read of size 8
==10697==    at 0x40286A8: strncmp (strcmp.S:172)
==10697==    by 0x400668D: is_dst (dl-load.c:216)
==10697==    by 0x400810E: _dl_dst_count (dl-load.c:253)
==10697==    by 0x400810E: expand_dynamic_string_token (dl-load.c:395)
==10697==    by 0x40082B7: fillin_rpath.isra.0 (dl-load.c:483)
==10697==    by 0x4008602: decompose_rpath (dl-load.c:654)
==10697==    by 0x400ABF5: cache_rpath (dl-load.c:696)
==10697==    by 0x400ABF5: cache_rpath (dl-load.c:677)
==10697==    by 0x400ABF5: _dl_map_object (dl-load.c:2165)
==10697==    by 0x4003494: openaux (dl-deps.c:64)
==10697==    by 0x6D96A97: _dl_catch_exception (dl-error-skeleton.c:208)
==10697==    by 0x4003C7B: _dl_map_object_deps (dl-deps.c:248)
==10697==    by 0x400EA0E: dl_open_worker_begin (dl-open.c:592)
==10697==    by 0x6D96A97: _dl_catch_exception (dl-error-skeleton.c:208)
==10697==    by 0x400DF99: dl_open_worker (dl-open.c:782)
==10697==  Address 0xbcc7009 is 9 bytes inside a block of size 15 alloc'd
==10697==    at 0x4848899: malloc (in /usr/libexec/valgrind/vgpreload_memcheck-amd64-linux.so)
==10697==    by 0x40271DF: malloc (rtld-malloc.h:56)
==10697==    by 0x40271DF: strdup (strdup.c:42)
==10697==    by 0x4008594: decompose_rpath (dl-load.c:629)
==10697==    by 0x400ABF5: cache_rpath (dl-load.c:696)
==10697==    by 0x400ABF5: cache_rpath (dl-load.c:677)
==10697==    by 0x400ABF5: _dl_map_object (dl-load.c:2165)
==10697==    by 0x4003494: openaux (dl-deps.c:64)
==10697==    by 0x6D96A97: _dl_catch_exception (dl-error-skeleton.c:208)
==10697==    by 0x4003C7B: _dl_map_object_deps (dl-deps.c:248)
==10697==    by 0x400EA0E: dl_open_worker_begin (dl-open.c:592)
==10697==    by 0x6D96A97: _dl_catch_exception (dl-error-skeleton.c:208)
==10697==    by 0x400DF99: dl_open_worker (dl-open.c:782)
==10697==    by 0x6D96A97: _dl_catch_exception (dl-error-skeleton.c:208)
==10697==    by 0x400E34D: _dl_open (dl-open.c:883)
==10697== 
==10697== Invalid read of size 8
==10697==    at 0x40286A8: strncmp (strcmp.S:172)
==10697==    by 0x400668D: is_dst (dl-load.c:216)
==10697==    by 0x4007F79: _dl_dst_substitute (dl-load.c:295)
==10697==    by 0x40082B7: fillin_rpath.isra.0 (dl-load.c:483)
==10697==    by 0x4008602: decompose_rpath (dl-load.c:654)
==10697==    by 0x400ABF5: cache_rpath (dl-load.c:696)
==10697==    by 0x400ABF5: cache_rpath (dl-load.c:677)
==10697==    by 0x400ABF5: _dl_map_object (dl-load.c:2165)
==10697==    by 0x4003494: openaux (dl-deps.c:64)
==10697==    by 0x6D96A97: _dl_catch_exception (dl-error-skeleton.c:208)
==10697==    by 0x4003C7B: _dl_map_object_deps (dl-deps.c:248)
==10697==    by 0x400EA0E: dl_open_worker_begin (dl-open.c:592)
==10697==    by 0x6D96A97: _dl_catch_exception (dl-error-skeleton.c:208)
==10697==    by 0x400DF99: dl_open_worker (dl-open.c:782)
==10697==  Address 0xbcc7009 is 9 bytes inside a block of size 15 alloc'd
==10697==    at 0x4848899: malloc (in /usr/libexec/valgrind/vgpreload_memcheck-amd64-linux.so)
==10697==    by 0x40271DF: malloc (rtld-malloc.h:56)
==10697==    by 0x40271DF: strdup (strdup.c:42)
==10697==    by 0x4008594: decompose_rpath (dl-load.c:629)
==10697==    by 0x400ABF5: cache_rpath (dl-load.c:696)
==10697==    by 0x400ABF5: cache_rpath (dl-load.c:677)
==10697==    by 0x400ABF5: _dl_map_object (dl-load.c:2165)
==10697==    by 0x4003494: openaux (dl-deps.c:64)
==10697==    by 0x6D96A97: _dl_catch_exception (dl-error-skeleton.c:208)
==10697==    by 0x4003C7B: _dl_map_object_deps (dl-deps.c:248)
==10697==    by 0x400EA0E: dl_open_worker_begin (dl-open.c:592)
==10697==    by 0x6D96A97: _dl_catch_exception (dl-error-skeleton.c:208)
==10697==    by 0x400DF99: dl_open_worker (dl-open.c:782)
==10697==    by 0x6D96A97: _dl_catch_exception (dl-error-skeleton.c:208)
==10697==    by 0x400E34D: _dl_open (dl-open.c:883)
==10697== 
==10697== 
==10697== HEAP SUMMARY:
==10697==     in use at exit: 46,607,589 bytes in 46,499 blocks
==10697==   total heap usage: 1,247,994 allocs, 1,201,495 frees, 8,700,337,998 bytes allocated
==10697== 
==10697== LEAK SUMMARY:
==10697==    definitely lost: 22,416 bytes in 36 blocks
==10697==    indirectly lost: 12,872 bytes in 72 blocks
==10697==      possibly lost: 2,176 bytes in 5 blocks
==10697==    still reachable: 46,412,005 bytes in 45,201 blocks
==10697==         suppressed: 0 bytes in 0 blocks
==10697== Rerun with --leak-check=full to see details of leaked memory
==10697== 
==10697== For lists of detected and suppressed errors, rerun with: -s
==10697== ERROR SUMMARY: 2 errors from 2 contexts (suppressed: 0 from 0)
