==10863== Memcheck, a memory error detector
==10863== Copyright (C) 2002-2017, and GNU GPL'd, by Julian Seward et al.
==10863== Using Valgrind-3.18.1 and LibVEX; rerun with -h for copyright info
==10863== Command: /home/jovana/Desktop/vs/19-under-the-c/UNDER_THE_C/build/Desktop_Qt_5_15_1_GCC_64bit-Debug/UNDER_THE_C
==10863== Parent PID: 10861
==10863== 
==10863== Invalid read of size 8
==10863==    at 0x40286A0: strncmp (strcmp.S:170)
==10863==    by 0x400668D: is_dst (dl-load.c:216)
==10863==    by 0x400810E: _dl_dst_count (dl-load.c:253)
==10863==    by 0x400810E: expand_dynamic_string_token (dl-load.c:395)
==10863==    by 0x40082B7: fillin_rpath.isra.0 (dl-load.c:483)
==10863==    by 0x4008602: decompose_rpath (dl-load.c:654)
==10863==    by 0x400ABF5: cache_rpath (dl-load.c:696)
==10863==    by 0x400ABF5: cache_rpath (dl-load.c:677)
==10863==    by 0x400ABF5: _dl_map_object (dl-load.c:2165)
==10863==    by 0x4003494: openaux (dl-deps.c:64)
==10863==    by 0x6D96A97: _dl_catch_exception (dl-error-skeleton.c:208)
==10863==    by 0x4003C7B: _dl_map_object_deps (dl-deps.c:248)
==10863==    by 0x400EA0E: dl_open_worker_begin (dl-open.c:592)
==10863==    by 0x6D96A97: _dl_catch_exception (dl-error-skeleton.c:208)
==10863==    by 0x400DF99: dl_open_worker (dl-open.c:782)
==10863==  Address 0xc239b91 is 1 bytes inside a block of size 8 alloc'd
==10863==    at 0x4848899: malloc (in /usr/libexec/valgrind/vgpreload_memcheck-amd64-linux.so)
==10863==    by 0x40271DF: malloc (rtld-malloc.h:56)
==10863==    by 0x40271DF: strdup (strdup.c:42)
==10863==    by 0x4008594: decompose_rpath (dl-load.c:629)
==10863==    by 0x400ABF5: cache_rpath (dl-load.c:696)
==10863==    by 0x400ABF5: cache_rpath (dl-load.c:677)
==10863==    by 0x400ABF5: _dl_map_object (dl-load.c:2165)
==10863==    by 0x4003494: openaux (dl-deps.c:64)
==10863==    by 0x6D96A97: _dl_catch_exception (dl-error-skeleton.c:208)
==10863==    by 0x4003C7B: _dl_map_object_deps (dl-deps.c:248)
==10863==    by 0x400EA0E: dl_open_worker_begin (dl-open.c:592)
==10863==    by 0x6D96A97: _dl_catch_exception (dl-error-skeleton.c:208)
==10863==    by 0x400DF99: dl_open_worker (dl-open.c:782)
==10863==    by 0x6D96A97: _dl_catch_exception (dl-error-skeleton.c:208)
==10863==    by 0x400E34D: _dl_open (dl-open.c:883)
==10863== 
==10863== Invalid read of size 8
==10863==    at 0x40286A8: strncmp (strcmp.S:172)
==10863==    by 0x400668D: is_dst (dl-load.c:216)
==10863==    by 0x400810E: _dl_dst_count (dl-load.c:253)
==10863==    by 0x400810E: expand_dynamic_string_token (dl-load.c:395)
==10863==    by 0x40082B7: fillin_rpath.isra.0 (dl-load.c:483)
==10863==    by 0x4008602: decompose_rpath (dl-load.c:654)
==10863==    by 0x400ABF5: cache_rpath (dl-load.c:696)
==10863==    by 0x400ABF5: cache_rpath (dl-load.c:677)
==10863==    by 0x400ABF5: _dl_map_object (dl-load.c:2165)
==10863==    by 0x4003494: openaux (dl-deps.c:64)
==10863==    by 0x6D96A97: _dl_catch_exception (dl-error-skeleton.c:208)
==10863==    by 0x4003C7B: _dl_map_object_deps (dl-deps.c:248)
==10863==    by 0x400EA0E: dl_open_worker_begin (dl-open.c:592)
==10863==    by 0x6D96A97: _dl_catch_exception (dl-error-skeleton.c:208)
==10863==    by 0x400DF99: dl_open_worker (dl-open.c:782)
==10863==  Address 0xc239b99 is 1 bytes after a block of size 8 alloc'd
==10863==    at 0x4848899: malloc (in /usr/libexec/valgrind/vgpreload_memcheck-amd64-linux.so)
==10863==    by 0x40271DF: malloc (rtld-malloc.h:56)
==10863==    by 0x40271DF: strdup (strdup.c:42)
==10863==    by 0x4008594: decompose_rpath (dl-load.c:629)
==10863==    by 0x400ABF5: cache_rpath (dl-load.c:696)
==10863==    by 0x400ABF5: cache_rpath (dl-load.c:677)
==10863==    by 0x400ABF5: _dl_map_object (dl-load.c:2165)
==10863==    by 0x4003494: openaux (dl-deps.c:64)
==10863==    by 0x6D96A97: _dl_catch_exception (dl-error-skeleton.c:208)
==10863==    by 0x4003C7B: _dl_map_object_deps (dl-deps.c:248)
==10863==    by 0x400EA0E: dl_open_worker_begin (dl-open.c:592)
==10863==    by 0x6D96A97: _dl_catch_exception (dl-error-skeleton.c:208)
==10863==    by 0x400DF99: dl_open_worker (dl-open.c:782)
==10863==    by 0x6D96A97: _dl_catch_exception (dl-error-skeleton.c:208)
==10863==    by 0x400E34D: _dl_open (dl-open.c:883)
==10863== 
==10863== Invalid read of size 8
==10863==    at 0x40286A0: strncmp (strcmp.S:170)
==10863==    by 0x400668D: is_dst (dl-load.c:216)
==10863==    by 0x4007F79: _dl_dst_substitute (dl-load.c:295)
==10863==    by 0x40082B7: fillin_rpath.isra.0 (dl-load.c:483)
==10863==    by 0x4008602: decompose_rpath (dl-load.c:654)
==10863==    by 0x400ABF5: cache_rpath (dl-load.c:696)
==10863==    by 0x400ABF5: cache_rpath (dl-load.c:677)
==10863==    by 0x400ABF5: _dl_map_object (dl-load.c:2165)
==10863==    by 0x4003494: openaux (dl-deps.c:64)
==10863==    by 0x6D96A97: _dl_catch_exception (dl-error-skeleton.c:208)
==10863==    by 0x4003C7B: _dl_map_object_deps (dl-deps.c:248)
==10863==    by 0x400EA0E: dl_open_worker_begin (dl-open.c:592)
==10863==    by 0x6D96A97: _dl_catch_exception (dl-error-skeleton.c:208)
==10863==    by 0x400DF99: dl_open_worker (dl-open.c:782)
==10863==  Address 0xc239b91 is 1 bytes inside a block of size 8 alloc'd
==10863==    at 0x4848899: malloc (in /usr/libexec/valgrind/vgpreload_memcheck-amd64-linux.so)
==10863==    by 0x40271DF: malloc (rtld-malloc.h:56)
==10863==    by 0x40271DF: strdup (strdup.c:42)
==10863==    by 0x4008594: decompose_rpath (dl-load.c:629)
==10863==    by 0x400ABF5: cache_rpath (dl-load.c:696)
==10863==    by 0x400ABF5: cache_rpath (dl-load.c:677)
==10863==    by 0x400ABF5: _dl_map_object (dl-load.c:2165)
==10863==    by 0x4003494: openaux (dl-deps.c:64)
==10863==    by 0x6D96A97: _dl_catch_exception (dl-error-skeleton.c:208)
==10863==    by 0x4003C7B: _dl_map_object_deps (dl-deps.c:248)
==10863==    by 0x400EA0E: dl_open_worker_begin (dl-open.c:592)
==10863==    by 0x6D96A97: _dl_catch_exception (dl-error-skeleton.c:208)
==10863==    by 0x400DF99: dl_open_worker (dl-open.c:782)
==10863==    by 0x6D96A97: _dl_catch_exception (dl-error-skeleton.c:208)
==10863==    by 0x400E34D: _dl_open (dl-open.c:883)
==10863== 
==10863== Invalid read of size 8
==10863==    at 0x40286A8: strncmp (strcmp.S:172)
==10863==    by 0x400668D: is_dst (dl-load.c:216)
==10863==    by 0x4007F79: _dl_dst_substitute (dl-load.c:295)
==10863==    by 0x40082B7: fillin_rpath.isra.0 (dl-load.c:483)
==10863==    by 0x4008602: decompose_rpath (dl-load.c:654)
==10863==    by 0x400ABF5: cache_rpath (dl-load.c:696)
==10863==    by 0x400ABF5: cache_rpath (dl-load.c:677)
==10863==    by 0x400ABF5: _dl_map_object (dl-load.c:2165)
==10863==    by 0x4003494: openaux (dl-deps.c:64)
==10863==    by 0x6D96A97: _dl_catch_exception (dl-error-skeleton.c:208)
==10863==    by 0x4003C7B: _dl_map_object_deps (dl-deps.c:248)
==10863==    by 0x400EA0E: dl_open_worker_begin (dl-open.c:592)
==10863==    by 0x6D96A97: _dl_catch_exception (dl-error-skeleton.c:208)
==10863==    by 0x400DF99: dl_open_worker (dl-open.c:782)
==10863==  Address 0xc239b99 is 1 bytes after a block of size 8 alloc'd
==10863==    at 0x4848899: malloc (in /usr/libexec/valgrind/vgpreload_memcheck-amd64-linux.so)
==10863==    by 0x40271DF: malloc (rtld-malloc.h:56)
==10863==    by 0x40271DF: strdup (strdup.c:42)
==10863==    by 0x4008594: decompose_rpath (dl-load.c:629)
==10863==    by 0x400ABF5: cache_rpath (dl-load.c:696)
==10863==    by 0x400ABF5: cache_rpath (dl-load.c:677)
==10863==    by 0x400ABF5: _dl_map_object (dl-load.c:2165)
==10863==    by 0x4003494: openaux (dl-deps.c:64)
==10863==    by 0x6D96A97: _dl_catch_exception (dl-error-skeleton.c:208)
==10863==    by 0x4003C7B: _dl_map_object_deps (dl-deps.c:248)
==10863==    by 0x400EA0E: dl_open_worker_begin (dl-open.c:592)
==10863==    by 0x6D96A97: _dl_catch_exception (dl-error-skeleton.c:208)
==10863==    by 0x400DF99: dl_open_worker (dl-open.c:782)
==10863==    by 0x6D96A97: _dl_catch_exception (dl-error-skeleton.c:208)
==10863==    by 0x400E34D: _dl_open (dl-open.c:883)
==10863== 
==10863== Conditional jump or move depends on uninitialised value(s)
==10863==    at 0x143A62: LevelPlatform::update() (LevelPlatform.cpp:238)
==10863==    by 0x156691: LevelPlatform::qt_static_metacall(QObject*, QMetaObject::Call, int, void**) (moc_LevelPlatform.cpp:80)
==10863==    by 0x64D46BE: void doActivate<false>(QObject*, int, void**) (qobject.cpp:3898)
==10863==    by 0x64D9336: QTimer::timeout(QTimer::QPrivateSignal) (moc_qtimer.cpp:205)
==10863==    by 0x64D9607: QTimer::timerEvent(QTimerEvent*) (qtimer.cpp:257)
==10863==    by 0x64CB63A: QObject::event(QEvent*) (qobject.cpp:1336)
==10863==    by 0x4F633CB: QApplicationPrivate::notify_helper(QObject*, QEvent*) (qapplication.cpp:3630)
==10863==    by 0x4F69EAF: QApplication::notify(QObject*, QEvent*) (qapplication.cpp:3376)
==10863==    by 0x649C0E7: QCoreApplication::notifyInternal2(QObject*, QEvent*) (qcoreapplication.cpp:1063)
==10863==    by 0x64F6F68: QTimerInfoList::activateTimers() (qtimerinfo_unix.cpp:643)
==10863==    by 0x64F7740: timerSourceDispatch(_GSource*, int (*)(void*), void*) (qeventdispatcher_glib.cpp:183)
==10863==    by 0x56B7D3A: g_main_context_dispatch (in /usr/lib/x86_64-linux-gnu/libglib-2.0.so.0.7200.4)
==10863== 
==10863== Conditional jump or move depends on uninitialised value(s)
==10863==    at 0x14B633: PlayerPlatform::image_change() (PlayerPlatform.cpp:76)
==10863==    by 0x143C04: LevelPlatform::update() (LevelPlatform.cpp:261)
==10863==    by 0x156691: LevelPlatform::qt_static_metacall(QObject*, QMetaObject::Call, int, void**) (moc_LevelPlatform.cpp:80)
==10863==    by 0x64D46BE: void doActivate<false>(QObject*, int, void**) (qobject.cpp:3898)
==10863==    by 0x64D9336: QTimer::timeout(QTimer::QPrivateSignal) (moc_qtimer.cpp:205)
==10863==    by 0x64D9607: QTimer::timerEvent(QTimerEvent*) (qtimer.cpp:257)
==10863==    by 0x64CB63A: QObject::event(QEvent*) (qobject.cpp:1336)
==10863==    by 0x4F633CB: QApplicationPrivate::notify_helper(QObject*, QEvent*) (qapplication.cpp:3630)
==10863==    by 0x4F69EAF: QApplication::notify(QObject*, QEvent*) (qapplication.cpp:3376)
==10863==    by 0x649C0E7: QCoreApplication::notifyInternal2(QObject*, QEvent*) (qcoreapplication.cpp:1063)
==10863==    by 0x64F6F68: QTimerInfoList::activateTimers() (qtimerinfo_unix.cpp:643)
==10863==    by 0x64F7740: timerSourceDispatch(_GSource*, int (*)(void*), void*) (qeventdispatcher_glib.cpp:183)
==10863== 
==10863== Conditional jump or move depends on uninitialised value(s)
==10863==    at 0x151098: Sword::move(int, int, int, int, int) (Sword.cpp:19)
==10863==    by 0x143DBD: LevelPlatform::update() (LevelPlatform.cpp:278)
==10863==    by 0x156691: LevelPlatform::qt_static_metacall(QObject*, QMetaObject::Call, int, void**) (moc_LevelPlatform.cpp:80)
==10863==    by 0x64D46BE: void doActivate<false>(QObject*, int, void**) (qobject.cpp:3898)
==10863==    by 0x64D9336: QTimer::timeout(QTimer::QPrivateSignal) (moc_qtimer.cpp:205)
==10863==    by 0x64D9607: QTimer::timerEvent(QTimerEvent*) (qtimer.cpp:257)
==10863==    by 0x64CB63A: QObject::event(QEvent*) (qobject.cpp:1336)
==10863==    by 0x4F633CB: QApplicationPrivate::notify_helper(QObject*, QEvent*) (qapplication.cpp:3630)
==10863==    by 0x4F69EAF: QApplication::notify(QObject*, QEvent*) (qapplication.cpp:3376)
==10863==    by 0x649C0E7: QCoreApplication::notifyInternal2(QObject*, QEvent*) (qcoreapplication.cpp:1063)
==10863==    by 0x64F6F68: QTimerInfoList::activateTimers() (qtimerinfo_unix.cpp:643)
==10863==    by 0x64F7740: timerSourceDispatch(_GSource*, int (*)(void*), void*) (qeventdispatcher_glib.cpp:183)
==10863== 
==10863== Conditional jump or move depends on uninitialised value(s)
==10863==    at 0x14483E: LevelPlatform::update() (LevelPlatform.cpp:428)
==10863==    by 0x156691: LevelPlatform::qt_static_metacall(QObject*, QMetaObject::Call, int, void**) (moc_LevelPlatform.cpp:80)
==10863==    by 0x64D46BE: void doActivate<false>(QObject*, int, void**) (qobject.cpp:3898)
==10863==    by 0x64D9336: QTimer::timeout(QTimer::QPrivateSignal) (moc_qtimer.cpp:205)
==10863==    by 0x64D9607: QTimer::timerEvent(QTimerEvent*) (qtimer.cpp:257)
==10863==    by 0x64CB63A: QObject::event(QEvent*) (qobject.cpp:1336)
==10863==    by 0x4F633CB: QApplicationPrivate::notify_helper(QObject*, QEvent*) (qapplication.cpp:3630)
==10863==    by 0x4F69EAF: QApplication::notify(QObject*, QEvent*) (qapplication.cpp:3376)
==10863==    by 0x649C0E7: QCoreApplication::notifyInternal2(QObject*, QEvent*) (qcoreapplication.cpp:1063)
==10863==    by 0x64F6F68: QTimerInfoList::activateTimers() (qtimerinfo_unix.cpp:643)
==10863==    by 0x64F7740: timerSourceDispatch(_GSource*, int (*)(void*), void*) (qeventdispatcher_glib.cpp:183)
==10863==    by 0x56B7D3A: g_main_context_dispatch (in /usr/lib/x86_64-linux-gnu/libglib-2.0.so.0.7200.4)
==10863== 
==10863== 
==10863== HEAP SUMMARY:
==10863==     in use at exit: 110,075,542 bytes in 46,429 blocks
==10863==   total heap usage: 12,459,432 allocs, 12,413,003 frees, 10,957,882,803 bytes allocated
==10863== 
==10863== 288 (256 direct, 32 indirect) bytes in 1 blocks are definitely lost in loss record 12,618 of 13,451
==10863==    at 0x4848899: malloc (in /usr/libexec/valgrind/vgpreload_memcheck-amd64-linux.so)
==10863==    by 0xA9D3A21: ??? (in /usr/lib/x86_64-linux-gnu/libfontconfig.so.1.12.0)
==10863==    by 0xA9D6590: ??? (in /usr/lib/x86_64-linux-gnu/libfontconfig.so.1.12.0)
==10863==    by 0xA9E0B7C: ??? (in /usr/lib/x86_64-linux-gnu/libfontconfig.so.1.12.0)
==10863==    by 0xADB6A13: ??? (in /usr/lib/x86_64-linux-gnu/libexpat.so.1.8.7)
==10863==    by 0xADB4D7D: ??? (in /usr/lib/x86_64-linux-gnu/libexpat.so.1.8.7)
==10863==    by 0xADB5C6B: ??? (in /usr/lib/x86_64-linux-gnu/libexpat.so.1.8.7)
==10863==    by 0xADB9DF4: XML_ParseBuffer (in /usr/lib/x86_64-linux-gnu/libexpat.so.1.8.7)
==10863==    by 0xA9E2332: ??? (in /usr/lib/x86_64-linux-gnu/libfontconfig.so.1.12.0)
==10863==    by 0xA9E2AE8: ??? (in /usr/lib/x86_64-linux-gnu/libfontconfig.so.1.12.0)
==10863==    by 0xA9E2C9D: ??? (in /usr/lib/x86_64-linux-gnu/libfontconfig.so.1.12.0)
==10863==    by 0xA9DEACB: ??? (in /usr/lib/x86_64-linux-gnu/libfontconfig.so.1.12.0)
==10863== 
==10863== 400 bytes in 1 blocks are possibly lost in loss record 12,886 of 13,451
==10863==    at 0x484DA83: calloc (in /usr/libexec/valgrind/vgpreload_memcheck-amd64-linux.so)
==10863==    by 0x40147D9: calloc (rtld-malloc.h:44)
==10863==    by 0x40147D9: allocate_dtv (dl-tls.c:375)
==10863==    by 0x40147D9: _dl_allocate_tls (dl-tls.c:634)
==10863==    by 0x6CB77B4: allocate_stack (allocatestack.c:430)
==10863==    by 0x6CB77B4: pthread_create@@GLIBC_2.34 (pthread_create.c:647)
==10863==    by 0x570C504: ??? (in /usr/lib/x86_64-linux-gnu/libglib-2.0.so.0.7200.4)
==10863==    by 0x56E7CCC: g_thread_new (in /usr/lib/x86_64-linux-gnu/libglib-2.0.so.0.7200.4)
==10863==    by 0x56B8616: ??? (in /usr/lib/x86_64-linux-gnu/libglib-2.0.so.0.7200.4)
==10863==    by 0xDD2E7D7: ??? (in /usr/lib/x86_64-linux-gnu/libgio-2.0.so.0.7200.4)
==10863==    by 0xDD2E884: g_task_get_type (in /usr/lib/x86_64-linux-gnu/libgio-2.0.so.0.7200.4)
==10863==    by 0xDD9A288: ??? (in /usr/lib/x86_64-linux-gnu/libgio-2.0.so.0.7200.4)
==10863==    by 0xDD9AA18: g_dbus_proxy_new_for_bus (in /usr/lib/x86_64-linux-gnu/libgio-2.0.so.0.7200.4)
==10863==    by 0xD126D7B: ??? (in /usr/lib/x86_64-linux-gnu/libgdk-3.so.0.2404.29)
==10863==    by 0xD0C568E: gdk_display_manager_open_display (in /usr/lib/x86_64-linux-gnu/libgdk-3.so.0.2404.29)
==10863== 
==10863== 400 bytes in 1 blocks are possibly lost in loss record 12,887 of 13,451
==10863==    at 0x484DA83: calloc (in /usr/libexec/valgrind/vgpreload_memcheck-amd64-linux.so)
==10863==    by 0x40147D9: calloc (rtld-malloc.h:44)
==10863==    by 0x40147D9: allocate_dtv (dl-tls.c:375)
==10863==    by 0x40147D9: _dl_allocate_tls (dl-tls.c:634)
==10863==    by 0x6CB77B4: allocate_stack (allocatestack.c:430)
==10863==    by 0x6CB77B4: pthread_create@@GLIBC_2.34 (pthread_create.c:647)
==10863==    by 0x570C504: ??? (in /usr/lib/x86_64-linux-gnu/libglib-2.0.so.0.7200.4)
==10863==    by 0x56E7CCC: g_thread_new (in /usr/lib/x86_64-linux-gnu/libglib-2.0.so.0.7200.4)
==10863==    by 0xF618441: ??? (in /usr/lib/x86_64-linux-gnu/gio/modules/libdconfsettings.so)
==10863==    by 0xF61A2C4: ??? (in /usr/lib/x86_64-linux-gnu/gio/modules/libdconfsettings.so)
==10863==    by 0xF61A4E8: ??? (in /usr/lib/x86_64-linux-gnu/gio/modules/libdconfsettings.so)
==10863==    by 0xE00B1DE: ??? (in /usr/lib/x86_64-linux-gnu/libgobject-2.0.so.0.7200.4)
==10863==    by 0xE00C8F7: g_object_new_valist (in /usr/lib/x86_64-linux-gnu/libgobject-2.0.so.0.7200.4)
==10863==    by 0xE00CE2C: g_object_new (in /usr/lib/x86_64-linux-gnu/libgobject-2.0.so.0.7200.4)
==10863==    by 0xDD716F3: g_settings_new_full (in /usr/lib/x86_64-linux-gnu/libgio-2.0.so.0.7200.4)
==10863== 
==10863== 400 bytes in 1 blocks are possibly lost in loss record 12,888 of 13,451
==10863==    at 0x484DA83: calloc (in /usr/libexec/valgrind/vgpreload_memcheck-amd64-linux.so)
==10863==    by 0x40147D9: calloc (rtld-malloc.h:44)
==10863==    by 0x40147D9: allocate_dtv (dl-tls.c:375)
==10863==    by 0x40147D9: _dl_allocate_tls (dl-tls.c:634)
==10863==    by 0x6CB77B4: allocate_stack (allocatestack.c:430)
==10863==    by 0x6CB77B4: pthread_create@@GLIBC_2.34 (pthread_create.c:647)
==10863==    by 0x570C504: ??? (in /usr/lib/x86_64-linux-gnu/libglib-2.0.so.0.7200.4)
==10863==    by 0x56E7CCC: g_thread_new (in /usr/lib/x86_64-linux-gnu/libglib-2.0.so.0.7200.4)
==10863==    by 0xDD842D9: ??? (in /usr/lib/x86_64-linux-gnu/libgio-2.0.so.0.7200.4)
==10863==    by 0xDCC584B: ??? (in /usr/lib/x86_64-linux-gnu/libgio-2.0.so.0.7200.4)
==10863==    by 0xDD30193: ??? (in /usr/lib/x86_64-linux-gnu/libgio-2.0.so.0.7200.4)
==10863==    by 0x56E96B3: ??? (in /usr/lib/x86_64-linux-gnu/libglib-2.0.so.0.7200.4)
==10863==    by 0x56E6A50: ??? (in /usr/lib/x86_64-linux-gnu/libglib-2.0.so.0.7200.4)
==10863==    by 0x6CB6AC2: start_thread (pthread_create.c:442)
==10863==    by 0x6D47A03: clone (clone.S:100)
==10863== 
==10863== 576 bytes in 1 blocks are possibly lost in loss record 13,012 of 13,451
==10863==    at 0x484DA83: calloc (in /usr/libexec/valgrind/vgpreload_memcheck-amd64-linux.so)
==10863==    by 0x40147D9: calloc (rtld-malloc.h:44)
==10863==    by 0x40147D9: allocate_dtv (dl-tls.c:375)
==10863==    by 0x40147D9: _dl_allocate_tls (dl-tls.c:634)
==10863==    by 0x6CB77B4: allocate_stack (allocatestack.c:430)
==10863==    by 0x6CB77B4: pthread_create@@GLIBC_2.34 (pthread_create.c:647)
==10863==    by 0x570C504: ??? (in /usr/lib/x86_64-linux-gnu/libglib-2.0.so.0.7200.4)
==10863==    by 0x570C7AA: ??? (in /usr/lib/x86_64-linux-gnu/libglib-2.0.so.0.7200.4)
==10863==    by 0x56E9492: g_thread_pool_push (in /usr/lib/x86_64-linux-gnu/libglib-2.0.so.0.7200.4)
==10863==    by 0x1E8CCB3B: ??? (in /usr/lib/x86_64-linux-gnu/libgstreamer-1.0.so.0.2003.0)
==10863==    by 0x1E8CC382: ??? (in /usr/lib/x86_64-linux-gnu/libgstreamer-1.0.so.0.2003.0)
==10863==    by 0x1E8CC47C: gst_task_set_state (in /usr/lib/x86_64-linux-gnu/libgstreamer-1.0.so.0.2003.0)
==10863==    by 0x1E89F366: gst_pad_start_task (in /usr/lib/x86_64-linux-gnu/libgstreamer-1.0.so.0.2003.0)
==10863==    by 0x2014DFA1: ??? (in /usr/lib/x86_64-linux-gnu/gstreamer-1.0/libgstcoreelements.so)
==10863==    by 0x1E89273E: ??? (in /usr/lib/x86_64-linux-gnu/libgstreamer-1.0.so.0.2003.0)
==10863== 
==10863== 16,384 bytes in 1 blocks are definitely lost in loss record 13,406 of 13,451
==10863==    at 0x4848899: malloc (in /usr/libexec/valgrind/vgpreload_memcheck-amd64-linux.so)
==10863==    by 0x56C0738: g_malloc (in /usr/lib/x86_64-linux-gnu/libglib-2.0.so.0.7200.4)
==10863==    by 0x56C0B73: ??? (in /usr/lib/x86_64-linux-gnu/libglib-2.0.so.0.7200.4)
==10863==    by 0x5680BA8: ??? (in /usr/lib/x86_64-linux-gnu/libglib-2.0.so.0.7200.4)
==10863==    by 0x400647D: call_init.part.0 (dl-init.c:70)
==10863==    by 0x4006567: call_init (dl-init.c:33)
==10863==    by 0x4006567: _dl_init (dl-init.c:117)
==10863==    by 0x40202C9: ??? (in /usr/lib/x86_64-linux-gnu/ld-linux-x86-64.so.2)
==10863== 
==10863== LEAK SUMMARY:
==10863==    definitely lost: 16,640 bytes in 2 blocks
==10863==    indirectly lost: 32 bytes in 1 blocks
==10863==      possibly lost: 1,776 bytes in 4 blocks
==10863==    still reachable: 109,899,110 bytes in 45,238 blocks
==10863==         suppressed: 0 bytes in 0 blocks
==10863== Reachable blocks (those to which a pointer was found) are not shown.
==10863== To see them, rerun with: --leak-check=full --show-leak-kinds=all
==10863== 
==10863== Use --track-origins=yes to see where uninitialised values come from
==10863== For lists of detected and suppressed errors, rerun with: -s
==10863== ERROR SUMMARY: 1169 errors from 14 contexts (suppressed: 0 from 0)
